[0.069s] DEBUG:colcon:Command line arguments: ['/usr/bin/colcon', 'build', '--packages-select', 'ngetestyahbot']
[0.069s] DEBUG:colcon:Parsed command line arguments: Namespace(log_base=None, log_level=None, verb_name='build', build_base='build', install_base='install', merge_install=False, symlink_install=False, test_result_base=None, continue_on_error=False, executor='parallel', parallel_workers=16, event_handlers=None, ignore_user_meta=False, metas=['./colcon.meta'], base_paths=['.'], packages_ignore=None, packages_ignore_regex=None, paths=None, packages_up_to=None, packages_up_to_regex=None, packages_above=None, packages_above_and_dependencies=None, packages_above_depth=None, packages_select_by_dep=None, packages_skip_by_dep=None, packages_skip_up_to=None, packages_select_build_failed=False, packages_skip_build_finished=False, packages_select_test_failures=False, packages_skip_test_passed=False, packages_select=['ngetestyahbot'], packages_skip=None, packages_select_regex=None, packages_skip_regex=None, packages_start=None, packages_end=None, allow_overriding=[], cmake_args=None, cmake_target=None, cmake_target_skip_unavailable=False, cmake_clean_cache=False, cmake_clean_first=False, cmake_force_configure=False, ament_cmake_args=None, catkin_cmake_args=None, catkin_skip_building_tests=False, verb_parser=<colcon_defaults.argument_parser.defaults.DefaultArgumentsDecorator object at 0x77cfe25177c0>, verb_extension=<colcon_core.verb.build.BuildVerb object at 0x77cfe26e8b20>, main=<bound method BuildVerb.main of <colcon_core.verb.build.BuildVerb object at 0x77cfe26e8b20>>)
[0.147s] Level 1:colcon.colcon_core.package_discovery:discover_packages(colcon_meta) check parameters
[0.147s] Level 1:colcon.colcon_core.package_discovery:discover_packages(recursive) check parameters
[0.147s] Level 1:colcon.colcon_core.package_discovery:discover_packages(ignore) check parameters
[0.147s] Level 1:colcon.colcon_core.package_discovery:discover_packages(path) check parameters
[0.147s] Level 1:colcon.colcon_core.package_discovery:discover_packages(colcon_meta) discover
[0.148s] Level 1:colcon.colcon_core.package_discovery:discover_packages(recursive) discover
[0.148s] INFO:colcon.colcon_core.package_discovery:Crawling recursively for packages in '/home/ubuntunya-faris/Kuliah/URO/ROS_Rasppi_to_STM_min-bluepill-/raspberry_pi_ws'
[0.148s] Level 1:colcon.colcon_core.package_identification:_identify(.) by extensions ['ignore', 'ignore_ament_install']
[0.148s] Level 1:colcon.colcon_core.package_identification:_identify(.) by extension 'ignore'
[0.148s] Level 1:colcon.colcon_core.package_identification:_identify(.) by extension 'ignore_ament_install'
[0.148s] Level 1:colcon.colcon_core.package_identification:_identify(.) by extensions ['colcon_pkg']
[0.148s] Level 1:colcon.colcon_core.package_identification:_identify(.) by extension 'colcon_pkg'
[0.148s] Level 1:colcon.colcon_core.package_identification:_identify(.) by extensions ['colcon_meta']
[0.148s] Level 1:colcon.colcon_core.package_identification:_identify(.) by extension 'colcon_meta'
[0.148s] Level 1:colcon.colcon_core.package_identification:_identify(.) by extensions ['ros']
[0.148s] Level 1:colcon.colcon_core.package_identification:_identify(.) by extension 'ros'
[0.155s] Level 1:colcon.colcon_core.package_identification:_identify(.) by extensions ['cmake', 'python']
[0.155s] Level 1:colcon.colcon_core.package_identification:_identify(.) by extension 'cmake'
[0.155s] Level 1:colcon.colcon_core.package_identification:_identify(.) by extension 'python'
[0.156s] Level 1:colcon.colcon_core.package_identification:_identify(.) by extensions ['python_setup_py']
[0.156s] Level 1:colcon.colcon_core.package_identification:_identify(.) by extension 'python_setup_py'
[0.156s] Level 1:colcon.colcon_core.package_identification:_identify(build) by extensions ['ignore', 'ignore_ament_install']
[0.156s] Level 1:colcon.colcon_core.package_identification:_identify(build) by extension 'ignore'
[0.156s] Level 1:colcon.colcon_core.package_identification:_identify(build) ignored
[0.156s] Level 1:colcon.colcon_core.package_identification:_identify(install) by extensions ['ignore', 'ignore_ament_install']
[0.156s] Level 1:colcon.colcon_core.package_identification:_identify(install) by extension 'ignore'
[0.156s] Level 1:colcon.colcon_core.package_identification:_identify(install) ignored
[0.156s] Level 1:colcon.colcon_core.package_identification:_identify(log) by extensions ['ignore', 'ignore_ament_install']
[0.156s] Level 1:colcon.colcon_core.package_identification:_identify(log) by extension 'ignore'
[0.156s] Level 1:colcon.colcon_core.package_identification:_identify(log) ignored
[0.156s] Level 1:colcon.colcon_core.package_identification:_identify(ngetestyahbot) by extensions ['ignore', 'ignore_ament_install']
[0.156s] Level 1:colcon.colcon_core.package_identification:_identify(ngetestyahbot) by extension 'ignore'
[0.156s] Level 1:colcon.colcon_core.package_identification:_identify(ngetestyahbot) by extension 'ignore_ament_install'
[0.156s] Level 1:colcon.colcon_core.package_identification:_identify(ngetestyahbot) by extensions ['colcon_pkg']
[0.156s] Level 1:colcon.colcon_core.package_identification:_identify(ngetestyahbot) by extension 'colcon_pkg'
[0.156s] Level 1:colcon.colcon_core.package_identification:_identify(ngetestyahbot) by extensions ['colcon_meta']
[0.156s] Level 1:colcon.colcon_core.package_identification:_identify(ngetestyahbot) by extension 'colcon_meta'
[0.156s] Level 1:colcon.colcon_core.package_identification:_identify(ngetestyahbot) by extensions ['ros']
[0.156s] Level 1:colcon.colcon_core.package_identification:_identify(ngetestyahbot) by extension 'ros'
[0.158s] DEBUG:colcon.colcon_core.package_identification:Package 'ngetestyahbot' with type 'ros.ament_cmake' and name 'ngetestyahbot'
[0.158s] Level 1:colcon.colcon_core.package_discovery:discover_packages(recursive) using defaults
[0.158s] Level 1:colcon.colcon_core.package_discovery:discover_packages(ignore) discover
[0.158s] Level 1:colcon.colcon_core.package_discovery:discover_packages(ignore) using defaults
[0.158s] Level 1:colcon.colcon_core.package_discovery:discover_packages(path) discover
[0.158s] Level 1:colcon.colcon_core.package_discovery:discover_packages(path) using defaults
[0.171s] Level 1:colcon.colcon_core.package_discovery:discover_packages(prefix_path) check parameters
[0.171s] Level 1:colcon.colcon_core.package_discovery:discover_packages(prefix_path) discover
[0.174s] DEBUG:colcon.colcon_installed_package_information.package_discovery:Found 289 installed packages in /opt/ros/humble
[0.177s] Level 1:colcon.colcon_core.package_discovery:discover_packages(prefix_path) using defaults
[0.219s] Level 5:colcon.colcon_core.verb:set package 'ngetestyahbot' build argument 'cmake_args' from command line to 'None'
[0.219s] Level 5:colcon.colcon_core.verb:set package 'ngetestyahbot' build argument 'cmake_target' from command line to 'None'
[0.219s] Level 5:colcon.colcon_core.verb:set package 'ngetestyahbot' build argument 'cmake_target_skip_unavailable' from command line to 'False'
[0.219s] Level 5:colcon.colcon_core.verb:set package 'ngetestyahbot' build argument 'cmake_clean_cache' from command line to 'False'
[0.219s] Level 5:colcon.colcon_core.verb:set package 'ngetestyahbot' build argument 'cmake_clean_first' from command line to 'False'
[0.219s] Level 5:colcon.colcon_core.verb:set package 'ngetestyahbot' build argument 'cmake_force_configure' from command line to 'False'
[0.219s] Level 5:colcon.colcon_core.verb:set package 'ngetestyahbot' build argument 'ament_cmake_args' from command line to 'None'
[0.219s] Level 5:colcon.colcon_core.verb:set package 'ngetestyahbot' build argument 'catkin_cmake_args' from command line to 'None'
[0.219s] Level 5:colcon.colcon_core.verb:set package 'ngetestyahbot' build argument 'catkin_skip_building_tests' from command line to 'False'
[0.219s] DEBUG:colcon.colcon_core.verb:Building package 'ngetestyahbot' with the following arguments: {'ament_cmake_args': None, 'build_base': '/home/ubuntunya-faris/Kuliah/URO/ROS_Rasppi_to_STM_min-bluepill-/raspberry_pi_ws/build/ngetestyahbot', 'catkin_cmake_args': None, 'catkin_skip_building_tests': False, 'cmake_args': None, 'cmake_clean_cache': False, 'cmake_clean_first': False, 'cmake_force_configure': False, 'cmake_target': None, 'cmake_target_skip_unavailable': False, 'install_base': '/home/ubuntunya-faris/Kuliah/URO/ROS_Rasppi_to_STM_min-bluepill-/raspberry_pi_ws/install/ngetestyahbot', 'merge_install': False, 'path': '/home/ubuntunya-faris/Kuliah/URO/ROS_Rasppi_to_STM_min-bluepill-/raspberry_pi_ws/ngetestyahbot', 'symlink_install': False, 'test_result_base': None}
[0.219s] INFO:colcon.colcon_core.executor:Executing jobs using 'parallel' executor
[0.220s] DEBUG:colcon.colcon_parallel_executor.executor.parallel:run_until_complete
[0.220s] INFO:colcon.colcon_ros.task.ament_cmake.build:Building ROS package in '/home/ubuntunya-faris/Kuliah/URO/ROS_Rasppi_to_STM_min-bluepill-/raspberry_pi_ws/ngetestyahbot' with build type 'ament_cmake'
[0.220s] INFO:colcon.colcon_cmake.task.cmake.build:Building CMake package in '/home/ubuntunya-faris/Kuliah/URO/ROS_Rasppi_to_STM_min-bluepill-/raspberry_pi_ws/ngetestyahbot'
[0.224s] INFO:colcon.colcon_core.plugin_system:Skipping extension 'colcon_core.shell.bat': Not used on non-Windows systems
[0.225s] INFO:colcon.colcon_core.shell:Skip shell extension 'powershell' for command environment: Not usable outside of PowerShell
[0.225s] DEBUG:colcon.colcon_core.shell:Skip shell extension 'dsv' for command environment
[0.231s] DEBUG:colcon.colcon_core.event_handler.log_command:Invoking command in '/home/ubuntunya-faris/Kuliah/URO/ROS_Rasppi_to_STM_min-bluepill-/raspberry_pi_ws/build/ngetestyahbot': CMAKE_PREFIX_PATH=/opt/ros/humble /usr/bin/cmake /home/ubuntunya-faris/Kuliah/URO/ROS_Rasppi_to_STM_min-bluepill-/raspberry_pi_ws/ngetestyahbot -DCMAKE_INSTALL_PREFIX=/home/ubuntunya-faris/Kuliah/URO/ROS_Rasppi_to_STM_min-bluepill-/raspberry_pi_ws/install/ngetestyahbot
[1.318s] DEBUG:colcon.colcon_core.event_handler.log_command:Invoked command in '/home/ubuntunya-faris/Kuliah/URO/ROS_Rasppi_to_STM_min-bluepill-/raspberry_pi_ws/build/ngetestyahbot' returned '0': CMAKE_PREFIX_PATH=/opt/ros/humble /usr/bin/cmake /home/ubuntunya-faris/Kuliah/URO/ROS_Rasppi_to_STM_min-bluepill-/raspberry_pi_ws/ngetestyahbot -DCMAKE_INSTALL_PREFIX=/home/ubuntunya-faris/Kuliah/URO/ROS_Rasppi_to_STM_min-bluepill-/raspberry_pi_ws/install/ngetestyahbot
[1.321s] DEBUG:colcon.colcon_core.event_handler.log_command:Invoking command in '/home/ubuntunya-faris/Kuliah/URO/ROS_Rasppi_to_STM_min-bluepill-/raspberry_pi_ws/build/ngetestyahbot': CMAKE_PREFIX_PATH=/opt/ros/humble /usr/bin/cmake --build /home/ubuntunya-faris/Kuliah/URO/ROS_Rasppi_to_STM_min-bluepill-/raspberry_pi_ws/build/ngetestyahbot -- -j16 -l16
[6.977s] DEBUG:colcon.colcon_core.event_handler.log_command:Invoked command in '/home/ubuntunya-faris/Kuliah/URO/ROS_Rasppi_to_STM_min-bluepill-/raspberry_pi_ws/build/ngetestyahbot' returned '0': CMAKE_PREFIX_PATH=/opt/ros/humble /usr/bin/cmake --build /home/ubuntunya-faris/Kuliah/URO/ROS_Rasppi_to_STM_min-bluepill-/raspberry_pi_ws/build/ngetestyahbot -- -j16 -l16
[6.985s] DEBUG:colcon.colcon_core.event_handler.log_command:Invoking command in '/home/ubuntunya-faris/Kuliah/URO/ROS_Rasppi_to_STM_min-bluepill-/raspberry_pi_ws/build/ngetestyahbot': CMAKE_PREFIX_PATH=/opt/ros/humble /usr/bin/cmake --install /home/ubuntunya-faris/Kuliah/URO/ROS_Rasppi_to_STM_min-bluepill-/raspberry_pi_ws/build/ngetestyahbot
[6.995s] Level 1:colcon.colcon_core.environment:create_environment_scripts_only(ngetestyahbot)
[6.995s] DEBUG:colcon.colcon_core.event_handler.log_command:Invoked command in '/home/ubuntunya-faris/Kuliah/URO/ROS_Rasppi_to_STM_min-bluepill-/raspberry_pi_ws/build/ngetestyahbot' returned '0': CMAKE_PREFIX_PATH=/opt/ros/humble /usr/bin/cmake --install /home/ubuntunya-faris/Kuliah/URO/ROS_Rasppi_to_STM_min-bluepill-/raspberry_pi_ws/build/ngetestyahbot
[7.000s] Level 1:colcon.colcon_core.environment:checking '/home/ubuntunya-faris/Kuliah/URO/ROS_Rasppi_to_STM_min-bluepill-/raspberry_pi_ws/install/ngetestyahbot' for CMake module files
[7.000s] Level 1:colcon.colcon_core.environment:checking '/home/ubuntunya-faris/Kuliah/URO/ROS_Rasppi_to_STM_min-bluepill-/raspberry_pi_ws/install/ngetestyahbot' for CMake config files
[7.000s] Level 1:colcon.colcon_core.shell:create_environment_hook('ngetestyahbot', 'cmake_prefix_path')
[7.000s] INFO:colcon.colcon_core.shell:Creating environment hook '/home/ubuntunya-faris/Kuliah/URO/ROS_Rasppi_to_STM_min-bluepill-/raspberry_pi_ws/install/ngetestyahbot/share/ngetestyahbot/hook/cmake_prefix_path.ps1'
[7.001s] INFO:colcon.colcon_core.shell:Creating environment descriptor '/home/ubuntunya-faris/Kuliah/URO/ROS_Rasppi_to_STM_min-bluepill-/raspberry_pi_ws/install/ngetestyahbot/share/ngetestyahbot/hook/cmake_prefix_path.dsv'
[7.001s] INFO:colcon.colcon_core.shell:Creating environment hook '/home/ubuntunya-faris/Kuliah/URO/ROS_Rasppi_to_STM_min-bluepill-/raspberry_pi_ws/install/ngetestyahbot/share/ngetestyahbot/hook/cmake_prefix_path.sh'
[7.002s] Level 1:colcon.colcon_core.environment:checking '/home/ubuntunya-faris/Kuliah/URO/ROS_Rasppi_to_STM_min-bluepill-/raspberry_pi_ws/install/ngetestyahbot/lib'
[7.003s] Level 1:colcon.colcon_core.environment:checking '/home/ubuntunya-faris/Kuliah/URO/ROS_Rasppi_to_STM_min-bluepill-/raspberry_pi_ws/install/ngetestyahbot/bin'
[7.003s] Level 1:colcon.colcon_core.environment:checking '/home/ubuntunya-faris/Kuliah/URO/ROS_Rasppi_to_STM_min-bluepill-/raspberry_pi_ws/install/ngetestyahbot/lib/pkgconfig/ngetestyahbot.pc'
[7.003s] Level 1:colcon.colcon_core.environment:checking '/home/ubuntunya-faris/Kuliah/URO/ROS_Rasppi_to_STM_min-bluepill-/raspberry_pi_ws/install/ngetestyahbot/lib/python3.10/site-packages'
[7.003s] Level 1:colcon.colcon_core.environment:checking '/home/ubuntunya-faris/Kuliah/URO/ROS_Rasppi_to_STM_min-bluepill-/raspberry_pi_ws/install/ngetestyahbot/bin'
[7.003s] INFO:colcon.colcon_core.shell:Creating package script '/home/ubuntunya-faris/Kuliah/URO/ROS_Rasppi_to_STM_min-bluepill-/raspberry_pi_ws/install/ngetestyahbot/share/ngetestyahbot/package.ps1'
[7.004s] INFO:colcon.colcon_core.shell:Creating package descriptor '/home/ubuntunya-faris/Kuliah/URO/ROS_Rasppi_to_STM_min-bluepill-/raspberry_pi_ws/install/ngetestyahbot/share/ngetestyahbot/package.dsv'
[7.005s] INFO:colcon.colcon_core.shell:Creating package script '/home/ubuntunya-faris/Kuliah/URO/ROS_Rasppi_to_STM_min-bluepill-/raspberry_pi_ws/install/ngetestyahbot/share/ngetestyahbot/package.sh'
[7.006s] INFO:colcon.colcon_core.shell:Creating package script '/home/ubuntunya-faris/Kuliah/URO/ROS_Rasppi_to_STM_min-bluepill-/raspberry_pi_ws/install/ngetestyahbot/share/ngetestyahbot/package.bash'
[7.007s] INFO:colcon.colcon_core.shell:Creating package script '/home/ubuntunya-faris/Kuliah/URO/ROS_Rasppi_to_STM_min-bluepill-/raspberry_pi_ws/install/ngetestyahbot/share/ngetestyahbot/package.zsh'
[7.008s] Level 1:colcon.colcon_core.environment:create_file_with_runtime_dependencies(/home/ubuntunya-faris/Kuliah/URO/ROS_Rasppi_to_STM_min-bluepill-/raspberry_pi_ws/install/ngetestyahbot/share/colcon-core/packages/ngetestyahbot)
[7.008s] Level 1:colcon.colcon_core.environment:create_environment_scripts_only(ngetestyahbot)
[7.008s] Level 1:colcon.colcon_core.environment:checking '/home/ubuntunya-faris/Kuliah/URO/ROS_Rasppi_to_STM_min-bluepill-/raspberry_pi_ws/install/ngetestyahbot' for CMake module files
[7.008s] Level 1:colcon.colcon_core.environment:checking '/home/ubuntunya-faris/Kuliah/URO/ROS_Rasppi_to_STM_min-bluepill-/raspberry_pi_ws/install/ngetestyahbot' for CMake config files
[7.009s] Level 1:colcon.colcon_core.shell:create_environment_hook('ngetestyahbot', 'cmake_prefix_path')
[7.009s] INFO:colcon.colcon_core.shell:Creating environment hook '/home/ubuntunya-faris/Kuliah/URO/ROS_Rasppi_to_STM_min-bluepill-/raspberry_pi_ws/install/ngetestyahbot/share/ngetestyahbot/hook/cmake_prefix_path.ps1'
[7.009s] INFO:colcon.colcon_core.shell:Creating environment descriptor '/home/ubuntunya-faris/Kuliah/URO/ROS_Rasppi_to_STM_min-bluepill-/raspberry_pi_ws/install/ngetestyahbot/share/ngetestyahbot/hook/cmake_prefix_path.dsv'
[7.009s] INFO:colcon.colcon_core.shell:Creating environment hook '/home/ubuntunya-faris/Kuliah/URO/ROS_Rasppi_to_STM_min-bluepill-/raspberry_pi_ws/install/ngetestyahbot/share/ngetestyahbot/hook/cmake_prefix_path.sh'
[7.010s] Level 1:colcon.colcon_core.environment:checking '/home/ubuntunya-faris/Kuliah/URO/ROS_Rasppi_to_STM_min-bluepill-/raspberry_pi_ws/install/ngetestyahbot/lib'
[7.010s] Level 1:colcon.colcon_core.environment:checking '/home/ubuntunya-faris/Kuliah/URO/ROS_Rasppi_to_STM_min-bluepill-/raspberry_pi_ws/install/ngetestyahbot/bin'
[7.010s] Level 1:colcon.colcon_core.environment:checking '/home/ubuntunya-faris/Kuliah/URO/ROS_Rasppi_to_STM_min-bluepill-/raspberry_pi_ws/install/ngetestyahbot/lib/pkgconfig/ngetestyahbot.pc'
[7.010s] Level 1:colcon.colcon_core.environment:checking '/home/ubuntunya-faris/Kuliah/URO/ROS_Rasppi_to_STM_min-bluepill-/raspberry_pi_ws/install/ngetestyahbot/lib/python3.10/site-packages'
[7.010s] Level 1:colcon.colcon_core.environment:checking '/home/ubuntunya-faris/Kuliah/URO/ROS_Rasppi_to_STM_min-bluepill-/raspberry_pi_ws/install/ngetestyahbot/bin'
[7.010s] INFO:colcon.colcon_core.shell:Creating package script '/home/ubuntunya-faris/Kuliah/URO/ROS_Rasppi_to_STM_min-bluepill-/raspberry_pi_ws/install/ngetestyahbot/share/ngetestyahbot/package.ps1'
[7.011s] INFO:colcon.colcon_core.shell:Creating package descriptor '/home/ubuntunya-faris/Kuliah/URO/ROS_Rasppi_to_STM_min-bluepill-/raspberry_pi_ws/install/ngetestyahbot/share/ngetestyahbot/package.dsv'
[7.011s] INFO:colcon.colcon_core.shell:Creating package script '/home/ubuntunya-faris/Kuliah/URO/ROS_Rasppi_to_STM_min-bluepill-/raspberry_pi_ws/install/ngetestyahbot/share/ngetestyahbot/package.sh'
[7.011s] INFO:colcon.colcon_core.shell:Creating package script '/home/ubuntunya-faris/Kuliah/URO/ROS_Rasppi_to_STM_min-bluepill-/raspberry_pi_ws/install/ngetestyahbot/share/ngetestyahbot/package.bash'
[7.011s] INFO:colcon.colcon_core.shell:Creating package script '/home/ubuntunya-faris/Kuliah/URO/ROS_Rasppi_to_STM_min-bluepill-/raspberry_pi_ws/install/ngetestyahbot/share/ngetestyahbot/package.zsh'
[7.012s] Level 1:colcon.colcon_core.environment:create_file_with_runtime_dependencies(/home/ubuntunya-faris/Kuliah/URO/ROS_Rasppi_to_STM_min-bluepill-/raspberry_pi_ws/install/ngetestyahbot/share/colcon-core/packages/ngetestyahbot)
[7.012s] DEBUG:colcon.colcon_parallel_executor.executor.parallel:closing loop
[7.012s] DEBUG:colcon.colcon_parallel_executor.executor.parallel:loop closed
[7.012s] DEBUG:colcon.colcon_parallel_executor.executor.parallel:run_until_complete finished with '0'
[7.012s] DEBUG:colcon.colcon_core.event_reactor:joining thread
[7.025s] INFO:colcon.colcon_core.plugin_system:Skipping extension 'colcon_notification.desktop_notification.notify_send': Could not find 'notify-send'
[7.025s] INFO:colcon.colcon_core.plugin_system:Skipping extension 'colcon_notification.desktop_notification.terminal_notifier': Not used on non-Darwin systems
[7.025s] INFO:colcon.colcon_core.plugin_system:Skipping extension 'colcon_notification.desktop_notification.win32': Not used on non-Windows systems
[7.025s] INFO:colcon.colcon_notification.desktop_notification:Sending desktop notification using 'notify2'
[7.028s] DEBUG:colcon.colcon_notification.desktop_notification.notify2:Failed to initialize notify2: org.freedesktop.DBus.Error.Spawn.ExecFailed: /usr/bin/dbus-launch terminated abnormally without any error message
[7.028s] DEBUG:colcon.colcon_core.event_reactor:joined thread
[7.028s] INFO:colcon.colcon_core.shell:Creating prefix script '/home/ubuntunya-faris/Kuliah/URO/ROS_Rasppi_to_STM_min-bluepill-/raspberry_pi_ws/install/local_setup.ps1'
[7.029s] INFO:colcon.colcon_core.shell:Creating prefix util module '/home/ubuntunya-faris/Kuliah/URO/ROS_Rasppi_to_STM_min-bluepill-/raspberry_pi_ws/install/_local_setup_util_ps1.py'
[7.030s] INFO:colcon.colcon_core.shell:Creating prefix chain script '/home/ubuntunya-faris/Kuliah/URO/ROS_Rasppi_to_STM_min-bluepill-/raspberry_pi_ws/install/setup.ps1'
[7.031s] INFO:colcon.colcon_core.shell:Creating prefix script '/home/ubuntunya-faris/Kuliah/URO/ROS_Rasppi_to_STM_min-bluepill-/raspberry_pi_ws/install/local_setup.sh'
[7.031s] INFO:colcon.colcon_core.shell:Creating prefix util module '/home/ubuntunya-faris/Kuliah/URO/ROS_Rasppi_to_STM_min-bluepill-/raspberry_pi_ws/install/_local_setup_util_sh.py'
[7.032s] INFO:colcon.colcon_core.shell:Creating prefix chain script '/home/ubuntunya-faris/Kuliah/URO/ROS_Rasppi_to_STM_min-bluepill-/raspberry_pi_ws/install/setup.sh'
[7.033s] INFO:colcon.colcon_core.shell:Creating prefix script '/home/ubuntunya-faris/Kuliah/URO/ROS_Rasppi_to_STM_min-bluepill-/raspberry_pi_ws/install/local_setup.bash'
[7.033s] INFO:colcon.colcon_core.shell:Creating prefix chain script '/home/ubuntunya-faris/Kuliah/URO/ROS_Rasppi_to_STM_min-bluepill-/raspberry_pi_ws/install/setup.bash'
[7.034s] INFO:colcon.colcon_core.shell:Creating prefix script '/home/ubuntunya-faris/Kuliah/URO/ROS_Rasppi_to_STM_min-bluepill-/raspberry_pi_ws/install/local_setup.zsh'
[7.035s] INFO:colcon.colcon_core.shell:Creating prefix chain script '/home/ubuntunya-faris/Kuliah/URO/ROS_Rasppi_to_STM_min-bluepill-/raspberry_pi_ws/install/setup.zsh'
